#
# A fatal error has been detected by the Java Runtime Environment:
#
#  EXCEPTION_ACCESS_VIOLATION (0xc0000005) at pc=0x00007ffe27d33383, pid=13040, tid=11128
#
# JRE version: Java(TM) SE Runtime Environment (11.0.1+13) (build 11.0.1+13-LTS)
# Java VM: Java HotSpot(TM) 64-Bit Server VM (11.0.1+13-LTS, mixed mode, tiered, compressed oops, g1 gc, windows-amd64)
# Problematic frame:
# V  [jvm.dll+0x343383]
#
# No core dump will be written. Minidumps are not enabled by default on client versions of Windows
#
# If you would like to submit a bug report, please visit:
#   http://bugreport.java.com/bugreport/crash.jsp
#

---------------  S U M M A R Y ------------

Command Line: -agentlib:jdwp=transport=dt_socket,suspend=y,address=localhost:62461 -javaagent:C:\Users\natal\eclipse\java-2018-12\eclipse\configuration\org.eclipse.osgi\221\0\.cp\lib\javaagent-shaded.jar -Dfile.encoding=Cp1252 br.com.fatec.principal

Host: Intel(R) Core(TM) i7-7700HQ CPU @ 2.80GHz, 8 cores, 7G,  Windows 10 , 64 bit Build 17134 (10.0.17134.648)
Time: Sun Mar 17 19:21:43 2019 Hora oficial do Brasil elapsed time: 379 seconds (0d 0h 6m 19s)

---------------  T H R E A D  ---------------

Current thread (0x000001a1c5907800):  VMThread "VM Thread" [stack: 0x00000018b8d00000,0x00000018b8e00000] [id=11128]

Stack: [0x00000018b8d00000,0x00000018b8e00000],  sp=0x00000018b8dfee50,  free space=1019k
Native frames: (J=compiled Java code, j=interpreted, Vv=VM code, C=native code)
V  [jvm.dll+0x343383]
V  [jvm.dll+0x3475cc]
V  [jvm.dll+0x347aaa]
V  [jvm.dll+0x343652]
V  [jvm.dll+0x62b355]
V  [jvm.dll+0x62b0dd]
V  [jvm.dll+0x5f0b9a]
V  [jvm.dll+0x503ec7]
V  [jvm.dll+0x78178c]
V  [jvm.dll+0x77fc47]
V  [jvm.dll+0x780470]
V  [jvm.dll+0x78077f]
V  [jvm.dll+0x63b2b2]
C  [ucrtbase.dll+0x1e3fe]
C  [KERNEL32.DLL+0x13dc4]
C  [ntdll.dll+0x73691]


siginfo: EXCEPTION_ACCESS_VIOLATION (0xc0000005), reading address 0xffffffffffffffff


Register to memory mapping:

RIP=0x00007ffe27d33383 jvm.dll
RAX=0x000001a1c589dfb0 points into unknown readable memory
RBX=0x00000018b8dff020 points into unknown readable memory
RCX=0x00000018b8dff090 points into unknown readable memory
RDX=0xffffffffffffca4a is an unknown value
RSP=0x00000018b8dfee50 points into unknown readable memory
RBP=0x00007ffe27d33360 jvm.dll
RSI=0x0 is NULL
RDI=0x00000000000000a7 is an unknown value
R8 =0x03ffffffffffff29 is an unknown value
R9 =0x000000000000000a is an unknown value
R10=0x00000001000cadb0 is pointing into metadata
R11=0x0 is NULL
R12=0x0000000000000001 is an unknown value
R13=0x00007ffe279f0000 jvm.dll
R14=0x000001a1c611760a is pointing into metadata
R15=0x0000000000000032 is an unknown value


Registers:
RAX=0x000001a1c589dfb0, RBX=0x00000018b8dff020, RCX=0x00000018b8dff090, RDX=0xffffffffffffca4a
RSP=0x00000018b8dfee50, RBP=0x00007ffe27d33360, RSI=0x0000000000000000, RDI=0x00000000000000a7
R8 =0x03ffffffffffff29, R9 =0x000000000000000a, R10=0x00000001000cadb0, R11=0x0000000000000000
R12=0x0000000000000001, R13=0x00007ffe279f0000, R14=0x000001a1c611760a, R15=0x0000000000000032
RIP=0x00007ffe27d33383, EFLAGS=0x0000000000010a02

Top of Stack: (sp=0x00000018b8dfee50)
0x00000018b8dfee50:   0000000000000030 00000018b8dfee80
0x00000018b8dfee60:   00007ffe2823f778 00007ffe27c48a00
0x00000018b8dfee70:   00000018b8dff020 00007ffe27d375cc
0x00000018b8dfee80:   00000018b8dff020 0000000000000003
0x00000018b8dfee90:   0000000000000000 00007ffe27b1a2be
0x00000018b8dfeea0:   00000018b8dfeef0 000001a1c5907800
0x00000018b8dfeeb0:   000001a1c589e2e8 000001a1c611760a
0x00000018b8dfeec0:   00000000000000a7 00007ffe27d37aaa
0x00000018b8dfeed0:   00000018b8dff020 0000000000000032
0x00000018b8dfeee0:   00000000000000a7 00000018b8dff4d8
0x00000018b8dfeef0:   000001a1c6117688 000001a1c5907800
0x00000018b8dfef00:   0000003500000032 000000a70000004b
0x00000018b8dfef10:   0000004b00000000 ffffffff000000a7
0x00000018b8dfef20:   000001a1c589e2e8 0000000000000000
0x00000018b8dfef30:   00007ffe28498a40 00000000000003d8
0x00000018b8dfef40:   000001a1c589df60 00007ffe27d33652 

Instructions: (pc=0x00007ffe27d33383)
0x00007ffe27d33363:   83 ec 20 48 63 d2 48 8b d9 0f b6 c2 48 83 c1 70
0x00007ffe27d33373:   24 3f 4c 8b c2 44 0f b6 c8 49 c1 e8 06 48 8b 01
0x00007ffe27d33383:   4e 8b 04 c0 4d 0f a3 c8 72 0b 41 b0 01 e8 9b 5f
0x00007ffe27d33393:   dd ff ff 43 6c 48 83 c4 20 5b c3 cc cc 8b c2 4c 


VM_Operation (0x00000018b96ff490): GetOrSetLocal, mode: safepoint, requested by thread 0x000001a1c64b9800


---------------  P R O C E S S  ---------------

Threads class SMR info:
_java_thread_list=0x000001a1c6613060, length=13, elements={
0x000001a1a4d1b800, 0x000001a1c591d800, 0x000001a1c5927000, 0x000001a1c5913000,
0x000001a1c5914000, 0x000001a1c5916800, 0x000001a1c624d000, 0x000001a1c624e000,
0x000001a1c63f9000, 0x000001a1c64b9800, 0x000001a1c64c1000, 0x000001a1c64cc000,
0x000001a1c6b4d000
}

Java Threads: ( => current thread )
  0x000001a1a4d1b800 JavaThread "main" [_thread_blocked, id=1676, stack(0x00000018b8700000,0x00000018b8800000)]
  0x000001a1c591d800 JavaThread "Reference Handler" daemon [_thread_blocked, id=12364, stack(0x00000018b8e00000,0x00000018b8f00000)]
  0x000001a1c5927000 JavaThread "Finalizer" daemon [_thread_blocked, id=12548, stack(0x00000018b8f00000,0x00000018b9000000)]
  0x000001a1c5913000 JavaThread "Signal Dispatcher" daemon [_thread_blocked, id=11444, stack(0x00000018b9000000,0x00000018b9100000)]
  0x000001a1c5914000 JavaThread "Attach Listener" daemon [_thread_blocked, id=12564, stack(0x00000018b9100000,0x00000018b9200000)]
  0x000001a1c5916800 JavaThread "C2 CompilerThread0" daemon [_thread_blocked, id=11316, stack(0x00000018b9200000,0x00000018b9300000)]
  0x000001a1c624d000 JavaThread "C1 CompilerThread0" daemon [_thread_blocked, id=1092, stack(0x00000018b9300000,0x00000018b9400000)]
  0x000001a1c624e000 JavaThread "Sweeper thread" daemon [_thread_blocked, id=11776, stack(0x00000018b9400000,0x00000018b9500000)]
  0x000001a1c63f9000 JavaThread "Common-Cleaner" daemon [_thread_blocked, id=2436, stack(0x00000018b9500000,0x00000018b9600000)]
  0x000001a1c64b9800 JavaThread "JDWP Transport Listener: dt_socket" daemon [_thread_blocked, id=204, stack(0x00000018b9600000,0x00000018b9700000)] _threads_hazard_ptr=0x000001a1c6613060
  0x000001a1c64c1000 JavaThread "JDWP Event Helper Thread" daemon [_thread_blocked, id=1692, stack(0x00000018b9700000,0x00000018b9800000)]
  0x000001a1c64cc000 JavaThread "JDWP Command Reader" daemon [_thread_in_native, id=12096, stack(0x00000018b9800000,0x00000018b9900000)]
  0x000001a1c6b4d000 JavaThread "Service Thread" daemon [_thread_blocked, id=3300, stack(0x00000018b9a00000,0x00000018b9b00000)]

Other Threads:
=>0x000001a1c5907800 VMThread "VM Thread" [stack: 0x00000018b8d00000,0x00000018b8e00000] [id=11128]
  0x000001a1c69c0800 WatcherThread [stack: 0x00000018b9b00000,0x00000018b9c00000] [id=12836]
  0x000001a1a4d33800 GCTaskThread "GC Thread#0" [stack: 0x00000018b8800000,0x00000018b8900000] [id=12552]
  0x000001a1a4d63000 ConcurrentGCThread "G1 Main Marker" [stack: 0x00000018b8900000,0x00000018b8a00000] [id=8384]
  0x000001a1a4d64800 ConcurrentGCThread "G1 Conc#0" [stack: 0x00000018b8a00000,0x00000018b8b00000] [id=4520]
  0x000001a1c5750800 ConcurrentGCThread "G1 Refine#0" [stack: 0x00000018b8b00000,0x00000018b8c00000] [id=6820]
  0x000001a1c5751800 ConcurrentGCThread "G1 Young RemSet Sampling" [stack: 0x00000018b8c00000,0x00000018b8d00000] [id=1500]

Threads with active compile tasks:

VM state:at safepoint (normal execution)

VM Mutex/Monitor currently owned by a thread:  ([mutex/lock_event])
[0x000001a1a4d19150] Threads_lock - owner thread: 0x000001a1c5907800

Heap address: 0x0000000081400000, size: 2028 MB, Compressed Oops mode: 32-bit
Narrow klass base: 0x0000000000000000, Narrow klass shift: 3
Compressed class space size: 1073741824 Address: 0x0000000100000000

Heap:
 garbage-first heap   total 131072K, used 5120K [0x0000000081400000, 0x0000000100000000)
  region size 1024K, 7 young (7168K), 0 survivors (0K)
 Metaspace       used 8829K, capacity 8930K, committed 9088K, reserved 1056768K
  class space    used 770K, capacity 802K, committed 896K, reserved 1048576K
Heap Regions: E=young(eden), S=young(survivor), O=old, HS=humongous(starts), HC=humongous(continues), CS=collection set, F=free, A=archive, TAMS=top-at-mark-start (previous, next)
|   0|0x0000000081400000, 0x0000000081400000, 0x0000000081500000|  0%| F|  |TAMS 0x0000000081400000, 0x0000000081400000| Untracked 
|   1|0x0000000081500000, 0x0000000081500000, 0x0000000081600000|  0%| F|  |TAMS 0x0000000081500000, 0x0000000081500000| Untracked 
|   2|0x0000000081600000, 0x0000000081600000, 0x0000000081700000|  0%| F|  |TAMS 0x0000000081600000, 0x0000000081600000| Untracked 
|   3|0x0000000081700000, 0x0000000081700000, 0x0000000081800000|  0%| F|  |TAMS 0x0000000081700000, 0x0000000081700000| Untracked 
|   4|0x0000000081800000, 0x0000000081800000, 0x0000000081900000|  0%| F|  |TAMS 0x0000000081800000, 0x0000000081800000| Untracked 
|   5|0x0000000081900000, 0x0000000081900000, 0x0000000081a00000|  0%| F|  |TAMS 0x0000000081900000, 0x0000000081900000| Untracked 
|   6|0x0000000081a00000, 0x0000000081a00000, 0x0000000081b00000|  0%| F|  |TAMS 0x0000000081a00000, 0x0000000081a00000| Untracked 
|   7|0x0000000081b00000, 0x0000000081b00000, 0x0000000081c00000|  0%| F|  |TAMS 0x0000000081b00000, 0x0000000081b00000| Untracked 
|   8|0x0000000081c00000, 0x0000000081c00000, 0x0000000081d00000|  0%| F|  |TAMS 0x0000000081c00000, 0x0000000081c00000| Untracked 
|   9|0x0000000081d00000, 0x0000000081d00000, 0x0000000081e00000|  0%| F|  |TAMS 0x0000000081d00000, 0x0000000081d00000| Untracked 
|  10|0x0000000081e00000, 0x0000000081e00000, 0x0000000081f00000|  0%| F|  |TAMS 0x0000000081e00000, 0x0000000081e00000| Untracked 
|  11|0x0000000081f00000, 0x0000000081f00000, 0x0000000082000000|  0%| F|  |TAMS 0x0000000081f00000, 0x0000000081f00000| Untracked 
|  12|0x0000000082000000, 0x0000000082000000, 0x0000000082100000|  0%| F|  |TAMS 0x0000000082000000, 0x0000000082000000| Untracked 
|  13|0x0000000082100000, 0x0000000082100000, 0x0000000082200000|  0%| F|  |TAMS 0x0000000082100000, 0x0000000082100000| Untracked 
|  14|0x0000000082200000, 0x0000000082200000, 0x0000000082300000|  0%| F|  |TAMS 0x0000000082200000, 0x0000000082200000| Untracked 
|  15|0x0000000082300000, 0x0000000082300000, 0x0000000082400000|  0%| F|  |TAMS 0x0000000082300000, 0x0000000082300000| Untracked 
|  16|0x0000000082400000, 0x0000000082400000, 0x0000000082500000|  0%| F|  |TAMS 0x0000000082400000, 0x0000000082400000| Untracked 
|  17|0x0000000082500000, 0x0000000082500000, 0x0000000082600000|  0%| F|  |TAMS 0x0000000082500000, 0x0000000082500000| Untracked 
|  18|0x0000000082600000, 0x0000000082600000, 0x0000000082700000|  0%| F|  |TAMS 0x0000000082600000, 0x0000000082600000| Untracked 
|  19|0x0000000082700000, 0x0000000082700000, 0x0000000082800000|  0%| F|  |TAMS 0x0000000082700000, 0x0000000082700000| Untracked 
|  20|0x0000000082800000, 0x0000000082800000, 0x0000000082900000|  0%| F|  |TAMS 0x0000000082800000, 0x0000000082800000| Untracked 
|  21|0x0000000082900000, 0x0000000082900000, 0x0000000082a00000|  0%| F|  |TAMS 0x0000000082900000, 0x0000000082900000| Untracked 
|  22|0x0000000082a00000, 0x0000000082a00000, 0x0000000082b00000|  0%| F|  |TAMS 0x0000000082a00000, 0x0000000082a00000| Untracked 
|  23|0x0000000082b00000, 0x0000000082b00000, 0x0000000082c00000|  0%| F|  |TAMS 0x0000000082b00000, 0x0000000082b00000| Untracked 
|  24|0x0000000082c00000, 0x0000000082c00000, 0x0000000082d00000|  0%| F|  |TAMS 0x0000000082c00000, 0x0000000082c00000| Untracked 
|  25|0x0000000082d00000, 0x0000000082d00000, 0x0000000082e00000|  0%| F|  |TAMS 0x0000000082d00000, 0x0000000082d00000| Untracked 
|  26|0x0000000082e00000, 0x0000000082e00000, 0x0000000082f00000|  0%| F|  |TAMS 0x0000000082e00000, 0x0000000082e00000| Untracked 
|  27|0x0000000082f00000, 0x0000000082f00000, 0x0000000083000000|  0%| F|  |TAMS 0x0000000082f00000, 0x0000000082f00000| Untracked 
|  28|0x0000000083000000, 0x0000000083000000, 0x0000000083100000|  0%| F|  |TAMS 0x0000000083000000, 0x0000000083000000| Untracked 
|  29|0x0000000083100000, 0x0000000083100000, 0x0000000083200000|  0%| F|  |TAMS 0x0000000083100000, 0x0000000083100000| Untracked 
|  30|0x0000000083200000, 0x0000000083200000, 0x0000000083300000|  0%| F|  |TAMS 0x0000000083200000, 0x0000000083200000| Untracked 
|  31|0x0000000083300000, 0x0000000083300000, 0x0000000083400000|  0%| F|  |TAMS 0x0000000083300000, 0x0000000083300000| Untracked 
|  32|0x0000000083400000, 0x0000000083400000, 0x0000000083500000|  0%| F|  |TAMS 0x0000000083400000, 0x0000000083400000| Untracked 
|  33|0x0000000083500000, 0x0000000083500000, 0x0000000083600000|  0%| F|  |TAMS 0x0000000083500000, 0x0000000083500000| Untracked 
|  34|0x0000000083600000, 0x0000000083600000, 0x0000000083700000|  0%| F|  |TAMS 0x0000000083600000, 0x0000000083600000| Untracked 
|  35|0x0000000083700000, 0x0000000083700000, 0x0000000083800000|  0%| F|  |TAMS 0x0000000083700000, 0x0000000083700000| Untracked 
|  36|0x0000000083800000, 0x0000000083800000, 0x0000000083900000|  0%| F|  |TAMS 0x0000000083800000, 0x0000000083800000| Untracked 
|  37|0x0000000083900000, 0x0000000083900000, 0x0000000083a00000|  0%| F|  |TAMS 0x0000000083900000, 0x0000000083900000| Untracked 
|  38|0x0000000083a00000, 0x0000000083a00000, 0x0000000083b00000|  0%| F|  |TAMS 0x0000000083a00000, 0x0000000083a00000| Untracked 
|  39|0x0000000083b00000, 0x0000000083b00000, 0x0000000083c00000|  0%| F|  |TAMS 0x0000000083b00000, 0x0000000083b00000| Untracked 
|  40|0x0000000083c00000, 0x0000000083c00000, 0x0000000083d00000|  0%| F|  |TAMS 0x0000000083c00000, 0x0000000083c00000| Untracked 
|  41|0x0000000083d00000, 0x0000000083d00000, 0x0000000083e00000|  0%| F|  |TAMS 0x0000000083d00000, 0x0000000083d00000| Untracked 
|  42|0x0000000083e00000, 0x0000000083e00000, 0x0000000083f00000|  0%| F|  |TAMS 0x0000000083e00000, 0x0000000083e00000| Untracked 
|  43|0x0000000083f00000, 0x0000000083f00000, 0x0000000084000000|  0%| F|  |TAMS 0x0000000083f00000, 0x0000000083f00000| Untracked 
|  44|0x0000000084000000, 0x0000000084000000, 0x0000000084100000|  0%| F|  |TAMS 0x0000000084000000, 0x0000000084000000| Untracked 
|  45|0x0000000084100000, 0x0000000084100000, 0x0000000084200000|  0%| F|  |TAMS 0x0000000084100000, 0x0000000084100000| Untracked 
|  46|0x0000000084200000, 0x0000000084200000, 0x0000000084300000|  0%| F|  |TAMS 0x0000000084200000, 0x0000000084200000| Untracked 
|  47|0x0000000084300000, 0x0000000084300000, 0x0000000084400000|  0%| F|  |TAMS 0x0000000084300000, 0x0000000084300000| Untracked 
|  48|0x0000000084400000, 0x0000000084400000, 0x0000000084500000|  0%| F|  |TAMS 0x0000000084400000, 0x0000000084400000| Untracked 
|  49|0x0000000084500000, 0x0000000084500000, 0x0000000084600000|  0%| F|  |TAMS 0x0000000084500000, 0x0000000084500000| Untracked 
|  50|0x0000000084600000, 0x0000000084600000, 0x0000000084700000|  0%| F|  |TAMS 0x0000000084600000, 0x0000000084600000| Untracked 
|  51|0x0000000084700000, 0x0000000084700000, 0x0000000084800000|  0%| F|  |TAMS 0x0000000084700000, 0x0000000084700000| Untracked 
|  52|0x0000000084800000, 0x0000000084800000, 0x0000000084900000|  0%| F|  |TAMS 0x0000000084800000, 0x0000000084800000| Untracked 
|  53|0x0000000084900000, 0x0000000084900000, 0x0000000084a00000|  0%| F|  |TAMS 0x0000000084900000, 0x0000000084900000| Untracked 
|  54|0x0000000084a00000, 0x0000000084a00000, 0x0000000084b00000|  0%| F|  |TAMS 0x0000000084a00000, 0x0000000084a00000| Untracked 
|  55|0x0000000084b00000, 0x0000000084b00000, 0x0000000084c00000|  0%| F|  |TAMS 0x0000000084b00000, 0x0000000084b00000| Untracked 
|  56|0x0000000084c00000, 0x0000000084c00000, 0x0000000084d00000|  0%| F|  |TAMS 0x0000000084c00000, 0x0000000084c00000| Untracked 
|  57|0x0000000084d00000, 0x0000000084d00000, 0x0000000084e00000|  0%| F|  |TAMS 0x0000000084d00000, 0x0000000084d00000| Untracked 
|  58|0x0000000084e00000, 0x0000000084e00000, 0x0000000084f00000|  0%| F|  |TAMS 0x0000000084e00000, 0x0000000084e00000| Untracked 
|  59|0x0000000084f00000, 0x0000000084f00000, 0x0000000085000000|  0%| F|  |TAMS 0x0000000084f00000, 0x0000000084f00000| Untracked 
|  60|0x0000000085000000, 0x0000000085000000, 0x0000000085100000|  0%| F|  |TAMS 0x0000000085000000, 0x0000000085000000| Untracked 
|  61|0x0000000085100000, 0x0000000085100000, 0x0000000085200000|  0%| F|  |TAMS 0x0000000085100000, 0x0000000085100000| Untracked 
|  62|0x0000000085200000, 0x0000000085200000, 0x0000000085300000|  0%| F|  |TAMS 0x0000000085200000, 0x0000000085200000| Untracked 
|  63|0x0000000085300000, 0x0000000085300000, 0x0000000085400000|  0%| F|  |TAMS 0x0000000085300000, 0x0000000085300000| Untracked 
|  64|0x0000000085400000, 0x0000000085400000, 0x0000000085500000|  0%| F|  |TAMS 0x0000000085400000, 0x0000000085400000| Untracked 
|  65|0x0000000085500000, 0x0000000085500000, 0x0000000085600000|  0%| F|  |TAMS 0x0000000085500000, 0x0000000085500000| Untracked 
|  66|0x0000000085600000, 0x0000000085600000, 0x0000000085700000|  0%| F|  |TAMS 0x0000000085600000, 0x0000000085600000| Untracked 
|  67|0x0000000085700000, 0x0000000085700000, 0x0000000085800000|  0%| F|  |TAMS 0x0000000085700000, 0x0000000085700000| Untracked 
|  68|0x0000000085800000, 0x0000000085800000, 0x0000000085900000|  0%| F|  |TAMS 0x0000000085800000, 0x0000000085800000| Untracked 
|  69|0x0000000085900000, 0x0000000085900000, 0x0000000085a00000|  0%| F|  |TAMS 0x0000000085900000, 0x0000000085900000| Untracked 
|  70|0x0000000085a00000, 0x0000000085a00000, 0x0000000085b00000|  0%| F|  |TAMS 0x0000000085a00000, 0x0000000085a00000| Untracked 
|  71|0x0000000085b00000, 0x0000000085b00000, 0x0000000085c00000|  0%| F|  |TAMS 0x0000000085b00000, 0x0000000085b00000| Untracked 
|  72|0x0000000085c00000, 0x0000000085c00000, 0x0000000085d00000|  0%| F|  |TAMS 0x0000000085c00000, 0x0000000085c00000| Untracked 
|  73|0x0000000085d00000, 0x0000000085d00000, 0x0000000085e00000|  0%| F|  |TAMS 0x0000000085d00000, 0x0000000085d00000| Untracked 
|  74|0x0000000085e00000, 0x0000000085e00000, 0x0000000085f00000|  0%| F|  |TAMS 0x0000000085e00000, 0x0000000085e00000| Untracked 
|  75|0x0000000085f00000, 0x0000000085f00000, 0x0000000086000000|  0%| F|  |TAMS 0x0000000085f00000, 0x0000000085f00000| Untracked 
|  76|0x0000000086000000, 0x0000000086000000, 0x0000000086100000|  0%| F|  |TAMS 0x0000000086000000, 0x0000000086000000| Untracked 
|  77|0x0000000086100000, 0x0000000086100000, 0x0000000086200000|  0%| F|  |TAMS 0x0000000086100000, 0x0000000086100000| Untracked 
|  78|0x0000000086200000, 0x0000000086200000, 0x0000000086300000|  0%| F|  |TAMS 0x0000000086200000, 0x0000000086200000| Untracked 
|  79|0x0000000086300000, 0x0000000086300000, 0x0000000086400000|  0%| F|  |TAMS 0x0000000086300000, 0x0000000086300000| Untracked 
|  80|0x0000000086400000, 0x0000000086400000, 0x0000000086500000|  0%| F|  |TAMS 0x0000000086400000, 0x0000000086400000| Untracked 
|  81|0x0000000086500000, 0x0000000086500000, 0x0000000086600000|  0%| F|  |TAMS 0x0000000086500000, 0x0000000086500000| Untracked 
|  82|0x0000000086600000, 0x0000000086600000, 0x0000000086700000|  0%| F|  |TAMS 0x0000000086600000, 0x0000000086600000| Untracked 
|  83|0x0000000086700000, 0x0000000086700000, 0x0000000086800000|  0%| F|  |TAMS 0x0000000086700000, 0x0000000086700000| Untracked 
|  84|0x0000000086800000, 0x0000000086800000, 0x0000000086900000|  0%| F|  |TAMS 0x0000000086800000, 0x0000000086800000| Untracked 
|  85|0x0000000086900000, 0x0000000086900000, 0x0000000086a00000|  0%| F|  |TAMS 0x0000000086900000, 0x0000000086900000| Untracked 
|  86|0x0000000086a00000, 0x0000000086a00000, 0x0000000086b00000|  0%| F|  |TAMS 0x0000000086a00000, 0x0000000086a00000| Untracked 
|  87|0x0000000086b00000, 0x0000000086b00000, 0x0000000086c00000|  0%| F|  |TAMS 0x0000000086b00000, 0x0000000086b00000| Untracked 
|  88|0x0000000086c00000, 0x0000000086c00000, 0x0000000086d00000|  0%| F|  |TAMS 0x0000000086c00000, 0x0000000086c00000| Untracked 
|  89|0x0000000086d00000, 0x0000000086d00000, 0x0000000086e00000|  0%| F|  |TAMS 0x0000000086d00000, 0x0000000086d00000| Untracked 
|  90|0x0000000086e00000, 0x0000000086e00000, 0x0000000086f00000|  0%| F|  |TAMS 0x0000000086e00000, 0x0000000086e00000| Untracked 
|  91|0x0000000086f00000, 0x0000000086f00000, 0x0000000087000000|  0%| F|  |TAMS 0x0000000086f00000, 0x0000000086f00000| Untracked 
|  92|0x0000000087000000, 0x0000000087000000, 0x0000000087100000|  0%| F|  |TAMS 0x0000000087000000, 0x0000000087000000| Untracked 
|  93|0x0000000087100000, 0x0000000087100000, 0x0000000087200000|  0%| F|  |TAMS 0x0000000087100000, 0x0000000087100000| Untracked 
|  94|0x0000000087200000, 0x0000000087200000, 0x0000000087300000|  0%| F|  |TAMS 0x0000000087200000, 0x0000000087200000| Untracked 
|  95|0x0000000087300000, 0x0000000087300000, 0x0000000087400000|  0%| F|  |TAMS 0x0000000087300000, 0x0000000087300000| Untracked 
|  96|0x0000000087400000, 0x0000000087400000, 0x0000000087500000|  0%| F|  |TAMS 0x0000000087400000, 0x0000000087400000| Untracked 
|  97|0x0000000087500000, 0x0000000087500000, 0x0000000087600000|  0%| F|  |TAMS 0x0000000087500000, 0x0000000087500000| Untracked 
|  98|0x0000000087600000, 0x0000000087600000, 0x0000000087700000|  0%| F|  |TAMS 0x0000000087600000, 0x0000000087600000| Untracked 
|  99|0x0000000087700000, 0x0000000087700000, 0x0000000087800000|  0%| F|  |TAMS 0x0000000087700000, 0x0000000087700000| Untracked 
| 100|0x0000000087800000, 0x0000000087800000, 0x0000000087900000|  0%| F|  |TAMS 0x0000000087800000, 0x0000000087800000| Untracked 
| 101|0x0000000087900000, 0x0000000087900000, 0x0000000087a00000|  0%| F|  |TAMS 0x0000000087900000, 0x0000000087900000| Untracked 
| 102|0x0000000087a00000, 0x0000000087a00000, 0x0000000087b00000|  0%| F|  |TAMS 0x0000000087a00000, 0x0000000087a00000| Untracked 
| 103|0x0000000087b00000, 0x0000000087b00000, 0x0000000087c00000|  0%| F|  |TAMS 0x0000000087b00000, 0x0000000087b00000| Untracked 
| 104|0x0000000087c00000, 0x0000000087c00000, 0x0000000087d00000|  0%| F|  |TAMS 0x0000000087c00000, 0x0000000087c00000| Untracked 
| 105|0x0000000087d00000, 0x0000000087d00000, 0x0000000087e00000|  0%| F|  |TAMS 0x0000000087d00000, 0x0000000087d00000| Untracked 
| 106|0x0000000087e00000, 0x0000000087e00000, 0x0000000087f00000|  0%| F|  |TAMS 0x0000000087e00000, 0x0000000087e00000| Untracked 
| 107|0x0000000087f00000, 0x0000000087f00000, 0x0000000088000000|  0%| F|  |TAMS 0x0000000087f00000, 0x0000000087f00000| Untracked 
| 108|0x0000000088000000, 0x0000000088000000, 0x0000000088100000|  0%| F|  |TAMS 0x0000000088000000, 0x0000000088000000| Untracked 
| 109|0x0000000088100000, 0x0000000088100000, 0x0000000088200000|  0%| F|  |TAMS 0x0000000088100000, 0x0000000088100000| Untracked 
| 110|0x0000000088200000, 0x0000000088200000, 0x0000000088300000|  0%| F|  |TAMS 0x0000000088200000, 0x0000000088200000| Untracked 
| 111|0x0000000088300000, 0x0000000088300000, 0x0000000088400000|  0%| F|  |TAMS 0x0000000088300000, 0x0000000088300000| Untracked 
| 112|0x0000000088400000, 0x0000000088400000, 0x0000000088500000|  0%| F|  |TAMS 0x0000000088400000, 0x0000000088400000| Untracked 
| 113|0x0000000088500000, 0x0000000088500000, 0x0000000088600000|  0%| F|  |TAMS 0x0000000088500000, 0x0000000088500000| Untracked 
| 114|0x0000000088600000, 0x0000000088600000, 0x0000000088700000|  0%| F|  |TAMS 0x0000000088600000, 0x0000000088600000| Untracked 
| 115|0x0000000088700000, 0x0000000088700000, 0x0000000088800000|  0%| F|  |TAMS 0x0000000088700000, 0x0000000088700000| Untracked 
| 116|0x0000000088800000, 0x0000000088800000, 0x0000000088900000|  0%| F|  |TAMS 0x0000000088800000, 0x0000000088800000| Untracked 
| 117|0x0000000088900000, 0x0000000088900000, 0x0000000088a00000|  0%| F|  |TAMS 0x0000000088900000, 0x0000000088900000| Untracked 
| 118|0x0000000088a00000, 0x0000000088a00000, 0x0000000088b00000|  0%| F|  |TAMS 0x0000000088a00000, 0x0000000088a00000| Untracked 
| 119|0x0000000088b00000, 0x0000000088b00000, 0x0000000088c00000|  0%| F|  |TAMS 0x0000000088b00000, 0x0000000088b00000| Untracked 
| 120|0x0000000088c00000, 0x0000000088c00000, 0x0000000088d00000|  0%| F|  |TAMS 0x0000000088c00000, 0x0000000088c00000| Untracked 
| 121|0x0000000088d00000, 0x0000000088d7d2b8, 0x0000000088e00000| 48%| E|  |TAMS 0x0000000088d00000, 0x0000000088d00000| Complete 
| 122|0x0000000088e00000, 0x0000000088f00000, 0x0000000088f00000|100%| E|CS|TAMS 0x0000000088e00000, 0x0000000088e00000| Complete 
| 123|0x0000000088f00000, 0x0000000089000000, 0x0000000089000000|100%| E|CS|TAMS 0x0000000088f00000, 0x0000000088f00000| Complete 
| 124|0x0000000089000000, 0x0000000089100000, 0x0000000089100000|100%| E|CS|TAMS 0x0000000089000000, 0x0000000089000000| Complete 
| 125|0x0000000089100000, 0x0000000089200000, 0x0000000089200000|100%| E|  |TAMS 0x0000000089100000, 0x0000000089100000| Complete 
| 126|0x0000000089200000, 0x0000000089300000, 0x0000000089300000|100%| E|CS|TAMS 0x0000000089200000, 0x0000000089200000| Complete 
| 127|0x0000000089300000, 0x0000000089400000, 0x0000000089400000|100%| E|CS|TAMS 0x0000000089300000, 0x0000000089300000| Complete 

Card table byte_map: [0x000001a1be6c0000,0x000001a1beac0000] _byte_map_base: 0x000001a1be2b6000

Marking Bits (Prev, Next): (CMBitMap*) 0x000001a1a4d5a748, (CMBitMap*) 0x000001a1a4d5a780
 Prev Bits: [0x000001a1beec0000, 0x000001a1c0e70000)
 Next Bits: [0x000001a1c0e70000, 0x000001a1c2e20000)

Polling page: 0x000001a1a4ad0000

Metaspace:

Usage:
  Non-class:      7.94 MB capacity,     7.87 MB (>99%) used,    62.95 KB ( <1%) free+waste,     6.44 KB ( <1%) overhead. 
      Class:    802.00 KB capacity,   770.61 KB ( 96%) used,    28.95 KB (  4%) free+waste,     2.44 KB ( <1%) overhead. 
       Both:      8.72 MB capacity,     8.62 MB ( 99%) used,    91.91 KB (  1%) free+waste,     8.88 KB ( <1%) overhead. 

Virtual space:
  Non-class space:        8.00 MB reserved,       8.00 MB (100%) committed 
      Class space:        1.00 GB reserved,     896.00 KB ( <1%) committed 
             Both:        1.01 GB reserved,       8.88 MB ( <1%) committed 

Chunk freelists:
   Non-Class:  0 bytes
       Class:  3.75 KB
        Both:  3.75 KB

CodeHeap 'non-profiled nmethods': size=120000Kb used=132Kb max_used=132Kb free=119867Kb
 bounds [0x000001a1b6320000, 0x000001a1b6590000, 0x000001a1bd850000]
CodeHeap 'profiled nmethods': size=120000Kb used=598Kb max_used=598Kb free=119401Kb
 bounds [0x000001a1aedf0000, 0x000001a1af060000, 0x000001a1b6320000]
CodeHeap 'non-nmethods': size=5760Kb used=1145Kb max_used=1161Kb free=4614Kb
 bounds [0x000001a1ae850000, 0x000001a1aeac0000, 0x000001a1aedf0000]
 total_blobs=896 nmethods=415 adapters=276
 compilation: enabled
              stopped_count=0, restarted_count=0
 full_count=0

Compilation events (10 events):
Event: 205.473 Thread 0x000001a1c624d000  409       3       org.eclipse.jdt.launching.internal.org.objectweb.asm.SymbolTable::get (13 bytes)
Event: 205.474 Thread 0x000001a1c624d000 nmethod 409 0x000001a1aee83b90 code [0x000001a1aee83d40, 0x000001a1aee83ef8]
Event: 205.474 Thread 0x000001a1c624d000  412       3       java.lang.String::<init> (14 bytes)
Event: 205.474 Thread 0x000001a1c624d000 nmethod 412 0x000001a1aee84010 code [0x000001a1aee841e0, 0x000001a1aee84440]
Event: 373.385 Thread 0x000001a1c5916800  413       4       sun.security.provider.SHA2::implCompress0 (322 bytes)
Event: 373.386 Thread 0x000001a1c624d000  414       3       org.eclipse.jdt.launching.internal.org.objectweb.asm.ClassReader::readUtf (44 bytes)
Event: 373.387 Thread 0x000001a1c624d000 nmethod 414 0x000001a1aee84590 code [0x000001a1aee84780, 0x000001a1aee84c70]
Event: 373.387 Thread 0x000001a1c624d000  415       3       org.eclipse.jdt.launching.internal.org.objectweb.asm.ClassReader::readUtf (161 bytes)
Event: 373.390 Thread 0x000001a1c624d000 nmethod 415 0x000001a1aee84f10 code [0x000001a1aee85120, 0x000001a1aee85760]
Event: 373.430 Thread 0x000001a1c5916800 nmethod 413 0x000001a1b6340290 code [0x000001a1b6340440, 0x000001a1b6341038]

GC Heap History (0 events):
No events

Deoptimization events (1 events):
Event: 0.332 Thread 0x000001a1a4d1b800 Uncommon trap: reason=unstable_if action=reinterpret pc=0x000001a1b63251f8 method=java.lang.String.isLatin1()Z @ 10 c2

Classes redefined (2 events):
Event: 205.472 Thread 0x000001a1c5907800 redefined class name=br.com.fatec.principal, count=1
Event: 373.389 Thread 0x000001a1c5907800 redefined class name=br.com.fatec.principal, count=2

Internal exceptions (0 events):
No events

Events (10 events):
Event: 379.769 Executing VM operation: GetCurrentContendedMonitor done
Event: 379.769 Executing VM operation: GetOwnedMonitorInfo
Event: 379.769 Executing VM operation: GetOwnedMonitorInfo done
Event: 379.827 Executing VM operation: GetFrameCount
Event: 379.827 Executing VM operation: GetFrameCount done
Event: 379.827 Executing VM operation: GetOwnedMonitorInfo
Event: 379.827 Executing VM operation: GetOwnedMonitorInfo done
Event: 379.827 Executing VM operation: GetCurrentContendedMonitor
Event: 379.828 Executing VM operation: GetCurrentContendedMonitor done
Event: 379.880 Executing VM operation: GetOrSetLocal


Dynamic libraries:
0x00007ff77a390000 - 0x00007ff77a3d7000 	C:\Program Files\Java\jdk-11.0.1\bin\javaw.exe
0x00007ffe7f500000 - 0x00007ffe7f6e1000 	C:\WINDOWS\SYSTEM32\ntdll.dll
0x00007ffe7f2e0000 - 0x00007ffe7f392000 	C:\WINDOWS\System32\KERNEL32.DLL
0x00007ffe7c030000 - 0x00007ffe7c2a3000 	C:\WINDOWS\System32\KERNELBASE.dll
0x00007ffe7eb70000 - 0x00007ffe7ec11000 	C:\WINDOWS\System32\ADVAPI32.dll
0x00007ffe7e0a0000 - 0x00007ffe7e13e000 	C:\WINDOWS\System32\msvcrt.dll
0x00007ffe7e4d0000 - 0x00007ffe7e52b000 	C:\WINDOWS\System32\sechost.dll
0x00007ffe7f3a0000 - 0x00007ffe7f4c4000 	C:\WINDOWS\System32\RPCRT4.dll
0x00007ffe7e530000 - 0x00007ffe7e6c0000 	C:\WINDOWS\System32\USER32.dll
0x00007ffe7c970000 - 0x00007ffe7c990000 	C:\WINDOWS\System32\win32u.dll
0x00007ffe7e710000 - 0x00007ffe7e738000 	C:\WINDOWS\System32\GDI32.dll
0x00007ffe7c6f0000 - 0x00007ffe7c882000 	C:\WINDOWS\System32\gdi32full.dll
0x00007ffe7c5a0000 - 0x00007ffe7c63f000 	C:\WINDOWS\System32\msvcp_win.dll
0x00007ffe7c4a0000 - 0x00007ffe7c598000 	C:\WINDOWS\System32\ucrtbase.dll
0x00007ffe6e220000 - 0x00007ffe6e489000 	C:\WINDOWS\WinSxS\amd64_microsoft.windows.common-controls_6595b64144ccf1df_6.0.17134.648_none_fb45a0e93062a6d2\COMCTL32.dll
0x00007ffe78010000 - 0x00007ffe7801a000 	C:\WINDOWS\SYSTEM32\VERSION.dll
0x00007ffe7e1a0000 - 0x00007ffe7e4c2000 	C:\WINDOWS\System32\combase.dll
0x00007ffe7c890000 - 0x00007ffe7c90a000 	C:\WINDOWS\System32\bcryptPrimitives.dll
0x00007ffe7e6e0000 - 0x00007ffe7e70d000 	C:\WINDOWS\System32\IMM32.DLL
0x00007ffe72b80000 - 0x00007ffe72b96000 	C:\Program Files\Java\jdk-11.0.1\bin\vcruntime140.dll
0x00007ffe60500000 - 0x00007ffe605aa000 	C:\Program Files\Java\jdk-11.0.1\bin\msvcp140.dll
0x00007ffe279f0000 - 0x00007ffe28532000 	C:\Program Files\Java\jdk-11.0.1\bin\server\jvm.dll
0x00007ffe7f2d0000 - 0x00007ffe7f2d8000 	C:\WINDOWS\System32\PSAPI.DLL
0x00007ffe6ea50000 - 0x00007ffe6ea73000 	C:\WINDOWS\SYSTEM32\WINMM.dll
0x00007ffe77e30000 - 0x00007ffe77e39000 	C:\WINDOWS\SYSTEM32\WSOCK32.dll
0x00007ffe7ea60000 - 0x00007ffe7eacc000 	C:\WINDOWS\System32\WS2_32.dll
0x00007ffe6ea20000 - 0x00007ffe6ea4a000 	C:\WINDOWS\SYSTEM32\winmmbase.dll
0x00007ffe7b8d0000 - 0x00007ffe7b919000 	C:\WINDOWS\System32\cfgmgr32.dll
0x00007ffe7b890000 - 0x00007ffe7b8a1000 	C:\WINDOWS\System32\kernel.appcore.dll
0x00007ffe728a0000 - 0x00007ffe728b1000 	C:\Program Files\Java\jdk-11.0.1\bin\verify.dll
0x00007ffe76930000 - 0x00007ffe76af9000 	C:\WINDOWS\SYSTEM32\DBGHELP.DLL
0x00007ffe763f0000 - 0x00007ffe76419000 	C:\WINDOWS\SYSTEM32\dbgcore.DLL
0x00007ffe6c470000 - 0x00007ffe6c499000 	C:\Program Files\Java\jdk-11.0.1\bin\java.dll
0x00007ffe64ae0000 - 0x00007ffe64b17000 	C:\Program Files\Java\jdk-11.0.1\bin\jdwp.dll
0x00007ffe72b50000 - 0x00007ffe72b7f000 	C:\Program Files\Java\jdk-11.0.1\bin\instrument.dll
0x00007ffe72860000 - 0x00007ffe72876000 	C:\Program Files\Java\jdk-11.0.1\bin\zip.dll
0x00007ffe77180000 - 0x00007ffe7718a000 	C:\Program Files\Java\jdk-11.0.1\bin\jimage.dll
0x00007ffe7cb50000 - 0x00007ffe7df90000 	C:\WINDOWS\System32\SHELL32.dll
0x00007ffe7dff0000 - 0x00007ffe7e099000 	C:\WINDOWS\System32\shcore.dll
0x00007ffe7b920000 - 0x00007ffe7c02d000 	C:\WINDOWS\System32\windows.storage.dll
0x00007ffe7e140000 - 0x00007ffe7e191000 	C:\WINDOWS\System32\shlwapi.dll
0x00007ffe7b870000 - 0x00007ffe7b88f000 	C:\WINDOWS\System32\profapi.dll
0x00007ffe7b820000 - 0x00007ffe7b86c000 	C:\WINDOWS\System32\powrprof.dll
0x00007ffe7b810000 - 0x00007ffe7b81a000 	C:\WINDOWS\System32\FLTLIB.DLL
0x00007ffe77e40000 - 0x00007ffe77e4a000 	C:\Program Files\Java\jdk-11.0.1\bin\dt_socket.dll
0x00007ffe7b030000 - 0x00007ffe7b096000 	C:\WINDOWS\System32\mswsock.dll
0x00007ffe7ae00000 - 0x00007ffe7aebe000 	C:\WINDOWS\SYSTEM32\DNSAPI.dll
0x00007ffe7edf0000 - 0x00007ffe7edf8000 	C:\WINDOWS\System32\NSI.dll
0x00007ffe7adb0000 - 0x00007ffe7ade8000 	C:\WINDOWS\SYSTEM32\IPHLPAPI.DLL
0x00007ffe73a80000 - 0x00007ffe73af2000 	C:\WINDOWS\System32\fwpuclnt.dll
0x00007ffe7b310000 - 0x00007ffe7b335000 	C:\WINDOWS\SYSTEM32\bcrypt.dll
0x00007ffe73720000 - 0x00007ffe7372a000 	C:\Windows\System32\rasadhlp.dll
0x00007ffe6e870000 - 0x00007ffe6e889000 	C:\Program Files\Java\jdk-11.0.1\bin\net.dll
0x00007ffe77660000 - 0x00007ffe7773d000 	C:\WINDOWS\SYSTEM32\WINHTTP.dll
0x00007ffe6a800000 - 0x00007ffe6a813000 	C:\Program Files\Java\jdk-11.0.1\bin\nio.dll

dbghelp: loaded successfully - version: 4.0.5 - missing functions: none
symbol engine: initialized successfully - sym options: 0x614 - pdb path: .;C:\Program Files\Java\jdk-11.0.1\bin;C:\WINDOWS\SYSTEM32;C:\WINDOWS\WinSxS\amd64_microsoft.windows.common-controls_6595b64144ccf1df_6.0.17134.648_none_fb45a0e93062a6d2;C:\Program Files\Java\jdk-11.0.1\bin\server

VM Arguments:
jvm_args: -agentlib:jdwp=transport=dt_socket,suspend=y,address=localhost:62461 -javaagent:C:\Users\natal\eclipse\java-2018-12\eclipse\configuration\org.eclipse.osgi\221\0\.cp\lib\javaagent-shaded.jar -Dfile.encoding=Cp1252 
java_command: br.com.fatec.principal
java_class_path (initial): C:\Users\natal\Documents\2019.1\Padrões de projeto\Design-Patterns\Lista 4\Lista 4\bin;C:\Users\natal\.p2\pool\plugins\org.junit.jupiter.api_5.3.1.v20181005-1442.jar;C:\Users\natal\.p2\pool\plugins\org.junit.jupiter.engine_5.3.1.v20181005-1442.jar;C:\Users\natal\.p2\pool\plugins\org.junit.jupiter.migrationsupport_5.3.1.v20181005-1442.jar;C:\Users\natal\.p2\pool\plugins\org.junit.jupiter.params_5.3.1.v20181005-1442.jar;C:\Users\natal\.p2\pool\plugins\org.junit.platform.commons_1.3.1.v20181005-1442.jar;C:\Users\natal\.p2\pool\plugins\org.junit.platform.engine_1.3.1.v20181005-1442.jar;C:\Users\natal\.p2\pool\plugins\org.junit.platform.launcher_1.3.1.v20181005-1442.jar;C:\Users\natal\.p2\pool\plugins\org.junit.platform.runner_1.3.1.v20181005-1442.jar;C:\Users\natal\.p2\pool\plugins\org.junit.platform.suite.api_1.3.1.v20181005-1442.jar;C:\Users\natal\.p2\pool\plugins\org.junit.vintage.engine_5.3.1.v20181005-1442.jar;C:\Users\natal\.p2\pool\plugins\org.opentest4j_1.1.1.v20181005-1442.jar;C:\Users\natal\.p2\pool\plugins\org.apiguardian_1.0.0.v20181005-1442.jar;C:\Users\natal\.p2\pool\plugins\org.junit_4.12.0.v201504281640\junit.jar;C:\Users\natal\.p2\pool\plugins\org.hamcrest.core_1.3.0.v20180420-1519.jar;C:\Users\natal\Documents\2019.1\Padrões de projeto\Design-Patterns\Lista 4\Lista 4\json-simple-1.1.1.jar
Launcher Type: SUN_STANDARD

[Global flags]
     intx CICompilerCount                          = 4                                         {product} {ergonomic}
     uint ConcGCThreads                            = 2                                         {product} {ergonomic}
     uint G1ConcRefinementThreads                  = 8                                         {product} {ergonomic}
   size_t G1HeapRegionSize                         = 1048576                                   {product} {ergonomic}
    uintx GCDrainStackTargetSize                   = 64                                        {product} {ergonomic}
   size_t InitialHeapSize                          = 134217728                                 {product} {ergonomic}
   size_t MarkStackSize                            = 4194304                                   {product} {ergonomic}
   size_t MaxHeapSize                              = 2126512128                                {product} {ergonomic}
   size_t MaxNewSize                               = 1275068416                                {product} {ergonomic}
   size_t MinHeapDeltaBytes                        = 1048576                                   {product} {ergonomic}
    uintx NonNMethodCodeHeapSize                   = 5835340                                {pd product} {ergonomic}
    uintx NonProfiledCodeHeapSize                  = 122911450                              {pd product} {ergonomic}
    uintx ProfiledCodeHeapSize                     = 122911450                              {pd product} {ergonomic}
    uintx ReservedCodeCacheSize                    = 251658240                              {pd product} {ergonomic}
     bool SegmentedCodeCache                       = true                                      {product} {ergonomic}
     bool UseCompressedClassPointers               = true                                 {lp64_product} {ergonomic}
     bool UseCompressedOops                        = true                                 {lp64_product} {ergonomic}
     bool UseG1GC                                  = true                                      {product} {ergonomic}
     bool UseLargePagesIndividualAllocation        = false                                  {pd product} {ergonomic}

Logging:
Log output configuration:
 #0: stdout all=warning uptime,level,tags
 #1: stderr all=off uptime,level,tags

Environment Variables:
JAVA_HOME=C:\Program Files\Java\jdk-11.0.1
CLASSPATH=C:\Program Files\Java\jdk-11.0.1\lib
PATH=C:/Program Files/Java/jdk-11.0.1/bin/server;C:/Program Files/Java/jdk-11.0.1/bin;C:\ProgramData\Oracle\Java\javapath;C:\Program Files (x86)\Intel\iCLS Client\;C:\Program Files\Intel\iCLS Client\;C:\windows\system32;C:\windows;C:\windows\System32\Wbem;C:\windows\System32\WindowsPowerShell\v1.0\;C:\Program Files (x86)\NVIDIA Corporation\PhysX\Common;C:\Program Files (x86)\Intel\Intel(R) Management Engine Components\DAL;C:\Program Files\Intel\Intel(R) Management Engine Components\DAL;C:\Program Files (x86)\Intel\Intel(R) Management Engine Components\IPT;C:\Program Files\Intel\Intel(R) Management Engine Components\IPT;C:\WINDOWS\system32;C:\WINDOWS;C:\WINDOWS\System32\Wbem;C:\WINDOWS\System32\WindowsPowerShell\v1.0\;C:\WINDOWS\System32\OpenSSH\;C:\Program Files\Java\jdk-11.0.1\bin;C:\Program Files\Microsoft VS Code\bin;C:\gradle-4.10.2\bin;C:\apache-maven-3.6.0\bin;C:\Program Files\Java\jdk-11.0.1\lib;C:\Program Files (x86)\GitExtensions\;C:\Program Files\nodejs\;C:\Program Files\Git\cmd;C:\Program Files\MongoDB\Server\4.0\bin;C:\Users\natal\AppData\Local\Microsoft\WindowsApps;C:\Program Files\Java\jdk-11.0.1\bin;C:\Users\natal\AppData\Roaming\npm;C:\apache-maven-3.6.0\bin;;C:\WINDOWS\System32;
USERNAME=natal
OS=Windows_NT
PROCESSOR_IDENTIFIER=Intel64 Family 6 Model 158 Stepping 9, GenuineIntel



---------------  S Y S T E M  ---------------

OS: Windows 10 , 64 bit Build 17134 (10.0.17134.648)

CPU:total 8 (initial active 8) (4 cores per cpu, 2 threads per core) family 6 model 158 stepping 9, cmov, cx8, fxsr, mmx, sse, sse2, sse3, ssse3, sse4.1, sse4.2, popcnt, avx, avx2, aes, clmul, erms, 3dnowpref, lzcnt, ht, tsc, tscinvbit, bmi1, bmi2, adx, fma

Memory: 4k page, system-wide physical 8105M (4291M free)
TotalPageFile size 13225M (AvailPageFile size 6454M)
current process WorkingSet (physical memory assigned to process): 39M, peak: 46M
current process commit charge ("private bytes"): 210M, peak: 213M

vm_info: Java HotSpot(TM) 64-Bit Server VM (11.0.1+13-LTS) for windows-amd64 JRE (11.0.1+13-LTS), built on Oct  6 2018 13:20:16 by "mach5one" with MS VC++ 15.5 (VS2017)

END.
